<?xml version="1.0" encoding="UTF-8"?>
<!-- Generated by org.testng.reporters.JUnitReportReporter -->
<testsuite hostname="suba-pc" failures="0" tests="29" name="dsAlgo_TestRunnerTest.TestRunnerTest" time="269.889" errors="0" timestamp="2023-07-05T10:02:57 EDT" skipped="0">
  <testcase classname="dsAlgo_TestRunnerTest.TestRunnerTest" name="runScenario" time="9.173"/>
  <system-out/>
  <testcase classname="dsAlgo_TestRunnerTest.TestRunnerTest" name="runScenario" time="9.068"/>
  <system-out/>
  <testcase classname="dsAlgo_TestRunnerTest.TestRunnerTest" name="runScenario" time="7.680"/>
  <system-out/>
  <testcase classname="dsAlgo_TestRunnerTest.TestRunnerTest" name="runScenario" time="13.363"/>
  <system-out/>
  <testcase classname="dsAlgo_TestRunnerTest.TestRunnerTest" name="runScenario" time="10.840"/>
  <system-out/>
  <testcase classname="dsAlgo_TestRunnerTest.TestRunnerTest" name="runScenario" time="12.115"/>
  <system-out/>
  <testcase classname="dsAlgo_TestRunnerTest.TestRunnerTest" name="runScenario" time="9.774"/>
  <system-out/>
  <testcase classname="dsAlgo_TestRunnerTest.TestRunnerTest" name="runScenario" time="7.666"/>
  <system-out/>
  <testcase classname="dsAlgo_TestRunnerTest.TestRunnerTest" name="runScenario" time="9.355"/>
  <system-out/>
  <testcase classname="dsAlgo_TestRunnerTest.TestRunnerTest" name="runScenario" time="8.934"/>
  <system-out/>
  <testcase classname="dsAlgo_TestRunnerTest.TestRunnerTest" name="runScenario" time="10.034"/>
  <system-out/>
  <testcase classname="dsAlgo_TestRunnerTest.TestRunnerTest" name="runScenario" time="6.977"/>
  <system-out/>
  <testcase classname="dsAlgo_TestRunnerTest.TestRunnerTest" name="runScenario" time="6.810"/>
  <system-out/>
  <testcase classname="dsAlgo_TestRunnerTest.TestRunnerTest" name="runScenario" time="9.299"/>
  <system-out/>
  <testcase classname="dsAlgo_TestRunnerTest.TestRunnerTest" name="runScenario" time="9.495"/>
  <system-out/>
  <testcase classname="dsAlgo_TestRunnerTest.TestRunnerTest" name="runScenario" time="9.676"/>
  <system-out/>
  <testcase classname="dsAlgo_TestRunnerTest.TestRunnerTest" name="runScenario" time="7.933"/>
  <system-out/>
  <testcase classname="dsAlgo_TestRunnerTest.TestRunnerTest" name="runScenario" time="7.116"/>
  <system-out/>
  <testcase classname="dsAlgo_TestRunnerTest.TestRunnerTest" name="runScenario" time="8.236"/>
  <system-out/>
  <testcase classname="dsAlgo_TestRunnerTest.TestRunnerTest" name="runScenario" time="9.226"/>
  <system-out/>
  <testcase classname="dsAlgo_TestRunnerTest.TestRunnerTest" name="runScenario" time="9.608"/>
  <system-out/>
  <testcase classname="dsAlgo_TestRunnerTest.TestRunnerTest" name="runScenario" time="11.105"/>
  <system-out/>
  <testcase classname="dsAlgo_TestRunnerTest.TestRunnerTest" name="runScenario" time="9.860"/>
  <system-out/>
  <testcase classname="dsAlgo_TestRunnerTest.TestRunnerTest" name="runScenario" time="9.866"/>
  <system-out/>
  <testcase classname="dsAlgo_TestRunnerTest.TestRunnerTest" name="runScenario" time="9.473"/>
  <system-out/>
  <testcase classname="dsAlgo_TestRunnerTest.TestRunnerTest" name="runScenario" time="10.280"/>
  <system-out/>
  <testcase classname="dsAlgo_TestRunnerTest.TestRunnerTest" name="runScenario" time="10.494"/>
  <system-out/>
  <testcase classname="dsAlgo_TestRunnerTest.TestRunnerTest" name="runScenario" time="9.088"/>
  <system-out/>
  <testcase classname="dsAlgo_TestRunnerTest.TestRunnerTest" name="runScenario" time="7.345"/>
  <system-out/>
</testsuite> <!-- dsAlgo_TestRunnerTest.TestRunnerTest -->
